<?xml version="1.0" encoding="UTF-8"?>
<!-- Generated by org.testng.reporters.JUnitReportReporter -->
<testsuite hostname="Deepak" failures="0" tests="16" name="test.testTest" time="176.460" errors="0" timestamp="2021-01-20T14:20:00 IST" skipped="0">
  <testcase classname="test.testTest" name="searchTour" time="13.672"/>
  <system-out/>
  <testcase classname="test.testTest" name="searchTour" time="16.879"/>
  <system-out/>
  <testcase classname="test.testTest" name="searchTour" time="15.814"/>
  <system-out/>
  <testcase classname="test.testTest" name="searchTour" time="13.743"/>
  <system-out/>
  <testcase classname="test.testTest" name="searchPnr" time="4.409"/>
  <system-out/>
  <testcase classname="test.testTest" name="searchPnr" time="8.251"/>
  <system-out/>
  <testcase classname="test.testTest" name="searchPnr" time="5.592"/>
  <system-out/>
  <testcase classname="test.testTest" name="searchPnr" time="4.493"/>
  <system-out/>
  <testcase classname="test.testTest" name="searchbus" time="11.283"/>
  <system-out/>
  <testcase classname="test.testTest" name="searchbus" time="11.102"/>
  <system-out/>
  <testcase classname="test.testTest" name="searchbus" time="11.092"/>
  <system-out/>
  <testcase classname="test.testTest" name="searchbus" time="14.052"/>
  <system-out/>
  <testcase classname="test.testTest" name="holidays" time="12.095"/>
  <system-out/>
  <testcase classname="test.testTest" name="holidays" time="11.839"/>
  <system-out/>
  <testcase classname="test.testTest" name="holidays" time="11.203"/>
  <system-out/>
  <testcase classname="test.testTest" name="holidays" time="10.941"/>
  <system-out/>
</testsuite> <!-- test.testTest -->
