<?xml version="1.0" encoding="UTF-8"?>
<!-- Generated by org.testng.reporters.JUnitReportReporter -->
<testsuite hostname="Deepak" failures="0" tests="1" name="test.LoginTest" time="2.544" errors="0" timestamp="2021-01-20T13:58:34 IST" skipped="0">
  <testcase classname="test.LoginTest" name="log_inTest" time="2.544"/>
  <system-out/>
</testsuite> <!-- test.LoginTest -->
